2024-09-26 00:07:06,468 P2457696 INFO Params: {
    "batch_norm": "True",
    "batch_size": "10000",
    "data_format": "csv",
    "data_root": "../../../data/",
    "dataset_id": "KDD12_x10",
    "debug_mode": "False",
    "early_stop_patience": "2",
    "embedding_dim": "16",
    "embedding_regularizer": "0",
    "epochs": "100",
    "eval_steps": "None",
    "feature_cols": "[{'active': True, 'dtype': 'float', 'name': ['Depth', 'Position', 'Impression'], 'preprocess': 'convert_to_bucket', 'type': 'categorical'}, {'active': True, 'dtype': 'float', 'name': ['DisplayURL', 'AdID', 'AdvertiserID', 'QueryID', 'KeywordID', 'TitleID', 'DescriptionID', 'UserID', 'Gender', 'Age'], 'type': 'categorical'}]",
    "feature_config": "None",
    "feature_specs": "None",
    "gpu": "1",
    "group_id": "None",
    "hidden_activations": "relu",
    "hidden_units": "[400, 400, 400]",
    "label_col": "{'dtype': 'float', 'name': 'Click'}",
    "learning_rate": "0.001",
    "loss": "binary_crossentropy",
    "metrics": "['logloss', 'AUC']",
    "min_categr_count": "10",
    "model": "EKTF_L",
    "model_id": "EKTF_L_KDD12_002_78d5643e",
    "model_root": "./checkpoints/",
    "monitor": "{'AUC': 1, 'logloss': 0}",
    "monitor_mode": "max",
    "net1_dropout": "0",
    "net2_dropout": "0",
    "net3_dropout": "0",
    "net_regularizer": "0",
    "num_cross_layers": "3",
    "num_workers": "8",
    "optimizer": "adam",
    "pickle_feature_encoder": "True",
    "save_best_only": "True",
    "seed": "2024",
    "shuffle": "True",
    "task": "binary_classification",
    "test_data": "../../../data/KDD12/test.csv",
    "train_data": "../../../data/KDD12/train.csv",
    "use_features": "None",
    "valid_data": "../../../data/KDD12/valid.csv",
    "verbose": "1"
}
2024-09-26 00:07:06,469 P2457696 INFO Set up feature processor...
2024-09-26 00:07:06,469 P2457696 WARNING Skip rebuilding ../../../data/KDD12_x10/feature_map.json. Please delete it manually if rebuilding is required.
2024-09-26 00:07:06,469 P2457696 INFO Load feature_map from json: ../../../data/KDD12_x10/feature_map.json
2024-09-26 00:07:06,469 P2457696 INFO Set column index...
2024-09-26 00:07:06,470 P2457696 INFO Feature specs: {
    "AdID": "{'source': '', 'type': 'categorical', 'padding_idx': 0, 'oov_idx': 280097, 'vocab_size': 280098}",
    "AdvertiserID": "{'source': '', 'type': 'categorical', 'padding_idx': 0, 'oov_idx': 14416, 'vocab_size': 14417}",
    "Age": "{'source': '', 'type': 'categorical', 'padding_idx': 0, 'oov_idx': 8, 'vocab_size': 9}",
    "Depth": "{'source': '', 'type': 'categorical', 'padding_idx': 0, 'oov_idx': 3, 'vocab_size': 4}",
    "DescriptionID": "{'source': '', 'type': 'categorical', 'padding_idx': 0, 'oov_idx': 614455, 'vocab_size': 614456}",
    "DisplayURL": "{'source': '', 'type': 'categorical', 'padding_idx': 0, 'oov_idx': 22591, 'vocab_size': 22592}",
    "Gender": "{'source': '', 'type': 'categorical', 'padding_idx': 0, 'oov_idx': 4, 'vocab_size': 5}",
    "Impression": "{'source': '', 'type': 'categorical', 'padding_idx': 0, 'oov_idx': 90, 'vocab_size': 91}",
    "KeywordID": "{'source': '', 'type': 'categorical', 'padding_idx': 0, 'oov_idx': 358326, 'vocab_size': 358327}",
    "Position": "{'source': '', 'type': 'categorical', 'padding_idx': 0, 'oov_idx': 3, 'vocab_size': 4}",
    "QueryID": "{'source': '', 'type': 'categorical', 'padding_idx': 0, 'oov_idx': 997505, 'vocab_size': 997506}",
    "TitleID": "{'source': '', 'type': 'categorical', 'padding_idx': 0, 'oov_idx': 762415, 'vocab_size': 762416}",
    "UserID": "{'source': '', 'type': 'categorical', 'padding_idx': 0, 'oov_idx': 1618170, 'vocab_size': 1618171}"
}
2024-09-26 00:07:11,540 P2457696 INFO Total number of parameters: 75684879.
2024-09-26 00:07:11,540 P2457696 INFO Loading data...
2024-09-26 00:07:11,540 P2457696 INFO Loading data from h5: ../../../data/KDD12_x10/train.h5
2024-09-26 00:07:47,057 P2457696 INFO Train samples: total/113096830, blocks/1
2024-09-26 00:07:47,057 P2457696 INFO Loading data from h5: ../../../data/KDD12_x10/valid.h5
2024-09-26 00:07:50,575 P2457696 INFO Validation samples: total/14137104, blocks/1
2024-09-26 00:07:50,576 P2457696 INFO Loading train and validation data done.
2024-09-26 00:07:50,576 P2457696 INFO Start training: 11310 batches/epoch
2024-09-26 00:07:50,576 P2457696 INFO ************ Epoch=1 start ************
2024-09-26 00:18:28,957 P2457696 INFO Train loss: 0.153827
2024-09-26 00:18:28,957 P2457696 INFO Evaluation @epoch 1 - batch 11310: 
2024-09-26 00:18:55,357 P2457696 INFO Student 1: [Metrics] AUC: 0.809415 - logloss: 0.149719
2024-09-26 00:19:05,309 P2457696 INFO Student 2: [Metrics] AUC: 0.809732 - logloss: 0.149640
2024-09-26 00:19:15,363 P2457696 INFO Student 3: [Metrics] AUC: 0.809515 - logloss: 0.149744
2024-09-26 00:19:25,292 P2457696 INFO Teacher: [Metrics] AUC: 0.809861 - logloss: 0.149616
2024-09-26 00:19:26,163 P2457696 INFO Save best model: monitor(max)=0.809861
2024-09-26 00:19:26,814 P2457696 INFO ************ Epoch=1 end ************
2024-09-26 00:30:01,508 P2457696 INFO Train loss: 0.138359
2024-09-26 00:30:01,509 P2457696 INFO Evaluation @epoch 2 - batch 11310: 
2024-09-26 00:30:28,444 P2457696 INFO Student 1: [Metrics] AUC: 0.807819 - logloss: 0.150640
2024-09-26 00:30:38,288 P2457696 INFO Student 2: [Metrics] AUC: 0.807658 - logloss: 0.150711
2024-09-26 00:30:48,158 P2457696 INFO Student 3: [Metrics] AUC: 0.807596 - logloss: 0.150765
2024-09-26 00:30:58,037 P2457696 INFO Teacher: [Metrics] AUC: 0.808104 - logloss: 0.150580
2024-09-26 00:30:58,870 P2457696 INFO Monitor(max)=0.808104 STOP!
2024-09-26 00:30:58,870 P2457696 INFO Reduce learning rate on plateau: 0.000100
2024-09-26 00:30:58,996 P2457696 INFO ************ Epoch=2 end ************
2024-09-26 00:41:20,869 P2457696 INFO Train loss: 0.115708
2024-09-26 00:41:20,870 P2457696 INFO Evaluation @epoch 3 - batch 11310: 
2024-09-26 00:41:47,963 P2457696 INFO Student 1: [Metrics] AUC: 0.783006 - logloss: 0.171897
2024-09-26 00:41:57,760 P2457696 INFO Student 2: [Metrics] AUC: 0.782448 - logloss: 0.172260
2024-09-26 00:42:07,583 P2457696 INFO Student 3: [Metrics] AUC: 0.783398 - logloss: 0.172045
2024-09-26 00:42:17,967 P2457696 INFO Teacher: [Metrics] AUC: 0.784125 - logloss: 0.171262
2024-09-26 00:42:18,835 P2457696 INFO Monitor(max)=0.784125 STOP!
2024-09-26 00:42:18,835 P2457696 INFO Reduce learning rate on plateau: 0.000010
2024-09-26 00:42:18,835 P2457696 INFO ********* Epoch==3 early stop *********
2024-09-26 00:42:18,994 P2457696 INFO Training finished.
2024-09-26 00:42:18,995 P2457696 INFO Load best model: /mnt/public/lhh/code/model_zoo/EKTF/EKTF_torch/checkpoints/KDD12_x10/EKTF_L_KDD12_002_78d5643e.model
2024-09-26 00:42:19,190 P2457696 INFO ****** Validation evaluation ******
2024-09-26 00:42:45,415 P2457696 INFO Student 1: [Metrics] logloss: 0.149719 - AUC: 0.809415
2024-09-26 00:42:55,286 P2457696 INFO Student 2: [Metrics] logloss: 0.149640 - AUC: 0.809732
2024-09-26 00:43:05,225 P2457696 INFO Student 3: [Metrics] logloss: 0.149744 - AUC: 0.809515
2024-09-26 00:43:15,156 P2457696 INFO Teacher: [Metrics] logloss: 0.149616 - AUC: 0.809861
2024-09-26 00:43:16,103 P2457696 INFO ******** Test evaluation ********
2024-09-26 00:43:16,103 P2457696 INFO Loading data...
2024-09-26 00:43:16,103 P2457696 INFO Loading data from h5: ../../../data/KDD12_x10/test.h5
2024-09-26 00:43:18,949 P2457696 INFO Test samples: total/14137104, blocks/1
2024-09-26 00:43:18,949 P2457696 INFO Loading test data done.
2024-09-26 00:43:46,016 P2457696 INFO Student 1: [Metrics] logloss: 0.149510 - AUC: 0.809538
2024-09-26 00:43:55,978 P2457696 INFO Student 2: [Metrics] logloss: 0.149432 - AUC: 0.809864
2024-09-26 00:44:05,732 P2457696 INFO Student 3: [Metrics] logloss: 0.149526 - AUC: 0.809681
2024-09-26 00:44:15,482 P2457696 INFO Teacher: [Metrics] logloss: 0.149404 - AUC: 0.809999
