2024-09-17 22:56:51,357 P1947678 INFO Params: {
    "batch_norm": "True",
    "batch_size": "10000",
    "data_format": "h5",
    "data_root": "../../../data/",
    "dataset_id": "Criteo_x4_10_h5",
    "debug_mode": "False",
    "early_stop_patience": "2",
    "embedding_dim": "16",
    "embedding_regularizer": "1e-05",
    "epochs": "100",
    "eval_steps": "None",
    "feature_cols": "[{'active': True, 'dtype': 'float', 'fill_na': 0, 'na_value': 0, 'name': ['I1', 'I2', 'I3', 'I4', 'I5', 'I6', 'I7', 'I8', 'I9', 'I10', 'I11', 'I12', 'I13'], 'preprocess': 'convert_to_bucket', 'type': 'categorical'}, {'active': True, 'dtype': 'str', 'fill_na': '', 'na_value': '', 'name': ['C1', 'C2', 'C3', 'C4', 'C5', 'C6', 'C7', 'C8', 'C9', 'C10', 'C11', 'C12', 'C13', 'C14', 'C15', 'C16', 'C17', 'C18', 'C19', 'C20', 'C21', 'C22', 'C23', 'C24', 'C25', 'C26'], 'type': 'categorical'}]",
    "feature_config": "None",
    "feature_specs": "None",
    "gpu": "1",
    "group_id": "None",
    "hidden_activations": "relu",
    "hidden_units": "[400, 400, 400]",
    "label_col": "{'dtype': 'float', 'name': 'Label'}",
    "learning_rate": "0.001",
    "loss": "binary_crossentropy",
    "metrics": "['logloss', 'AUC']",
    "min_categr_count": "10",
    "model": "EKTF",
    "model_id": "EKTF_Criteo_002_14ab5d0c",
    "model_root": "./checkpoints/",
    "monitor": "{'AUC': 1, 'logloss': 0}",
    "monitor_mode": "max",
    "net_dropout": "0.1",
    "net_regularizer": "0",
    "num_student": "3",
    "num_workers": "8",
    "optimizer": "adam",
    "pickle_feature_encoder": "True",
    "save_best_only": "True",
    "seed": "2024",
    "shuffle": "True",
    "task": "binary_classification",
    "test_data": "../../../data/Criteo_x4_10_h5/test.h5",
    "train_data": "../../../data/Criteo_x4_10_h5/train.h5",
    "use_features": "None",
    "valid_data": "../../../data/Criteo_x4_10_h5/valid.h5",
    "verbose": "1"
}
2024-09-17 22:56:51,358 P1947678 INFO Load feature_map from json: ../../../data/Criteo_x4_10_h5/feature_map.json
2024-09-17 22:56:51,358 P1947678 INFO Set column index...
2024-09-17 22:56:51,358 P1947678 INFO Feature specs: {
    "C1": "{'source': '', 'type': 'categorical', 'padding_idx': 0, 'oov_idx': 1445, 'vocab_size': 1446}",
    "C10": "{'source': '', 'type': 'categorical', 'padding_idx': 0, 'oov_idx': 39529, 'vocab_size': 39530}",
    "C11": "{'source': '', 'type': 'categorical', 'padding_idx': 0, 'oov_idx': 5130, 'vocab_size': 5131}",
    "C12": "{'source': '', 'type': 'categorical', 'padding_idx': 0, 'oov_idx': 156655, 'vocab_size': 156656}",
    "C13": "{'source': '', 'type': 'categorical', 'padding_idx': 0, 'oov_idx': 3175, 'vocab_size': 3176}",
    "C14": "{'source': '', 'type': 'categorical', 'padding_idx': 0, 'oov_idx': 27, 'vocab_size': 28}",
    "C15": "{'source': '', 'type': 'categorical', 'padding_idx': 0, 'oov_idx': 11042, 'vocab_size': 11043}",
    "C16": "{'source': '', 'type': 'categorical', 'padding_idx': 0, 'oov_idx': 148912, 'vocab_size': 148913}",
    "C17": "{'source': '', 'type': 'categorical', 'padding_idx': 0, 'oov_idx': 11, 'vocab_size': 12}",
    "C18": "{'source': '', 'type': 'categorical', 'padding_idx': 0, 'oov_idx': 4559, 'vocab_size': 4560}",
    "C19": "{'source': '', 'type': 'categorical', 'padding_idx': 0, 'oov_idx': 2002, 'vocab_size': 2003}",
    "C2": "{'source': '', 'type': 'categorical', 'padding_idx': 0, 'oov_idx': 553, 'vocab_size': 554}",
    "C20": "{'source': '', 'type': 'categorical', 'padding_idx': 0, 'oov_idx': 4, 'vocab_size': 5}",
    "C21": "{'source': '', 'type': 'categorical', 'padding_idx': 0, 'oov_idx': 154563, 'vocab_size': 154564}",
    "C22": "{'source': '', 'type': 'categorical', 'padding_idx': 0, 'oov_idx': 17, 'vocab_size': 18}",
    "C23": "{'source': '', 'type': 'categorical', 'padding_idx': 0, 'oov_idx': 16, 'vocab_size': 17}",
    "C24": "{'source': '', 'type': 'categorical', 'padding_idx': 0, 'oov_idx': 53030, 'vocab_size': 53031}",
    "C25": "{'source': '', 'type': 'categorical', 'padding_idx': 0, 'oov_idx': 81, 'vocab_size': 82}",
    "C26": "{'source': '', 'type': 'categorical', 'padding_idx': 0, 'oov_idx': 40954, 'vocab_size': 40955}",
    "C3": "{'source': '', 'type': 'categorical', 'padding_idx': 0, 'oov_idx': 157338, 'vocab_size': 157339}",
    "C4": "{'source': '', 'type': 'categorical', 'padding_idx': 0, 'oov_idx': 117821, 'vocab_size': 117822}",
    "C5": "{'source': '', 'type': 'categorical', 'padding_idx': 0, 'oov_idx': 305, 'vocab_size': 306}",
    "C6": "{'source': '', 'type': 'categorical', 'padding_idx': 0, 'oov_idx': 17, 'vocab_size': 18}",
    "C7": "{'source': '', 'type': 'categorical', 'padding_idx': 0, 'oov_idx': 11881, 'vocab_size': 11882}",
    "C8": "{'source': '', 'type': 'categorical', 'padding_idx': 0, 'oov_idx': 629, 'vocab_size': 630}",
    "C9": "{'source': '', 'type': 'categorical', 'padding_idx': 0, 'oov_idx': 4, 'vocab_size': 5}",
    "I1": "{'source': '', 'type': 'categorical', 'padding_idx': 0, 'oov_idx': 43, 'vocab_size': 44}",
    "I10": "{'source': '', 'type': 'categorical', 'padding_idx': 0, 'oov_idx': 5, 'vocab_size': 6}",
    "I11": "{'source': '', 'type': 'categorical', 'padding_idx': 0, 'oov_idx': 26, 'vocab_size': 27}",
    "I12": "{'source': '', 'type': 'categorical', 'padding_idx': 0, 'oov_idx': 36, 'vocab_size': 37}",
    "I13": "{'source': '', 'type': 'categorical', 'padding_idx': 0, 'oov_idx': 71, 'vocab_size': 72}",
    "I2": "{'source': '', 'type': 'categorical', 'padding_idx': 0, 'oov_idx': 98, 'vocab_size': 99}",
    "I3": "{'source': '', 'type': 'categorical', 'padding_idx': 0, 'oov_idx': 121, 'vocab_size': 122}",
    "I4": "{'source': '', 'type': 'categorical', 'padding_idx': 0, 'oov_idx': 40, 'vocab_size': 41}",
    "I5": "{'source': '', 'type': 'categorical', 'padding_idx': 0, 'oov_idx': 219, 'vocab_size': 220}",
    "I6": "{'source': '', 'type': 'categorical', 'padding_idx': 0, 'oov_idx': 111, 'vocab_size': 112}",
    "I7": "{'source': '', 'type': 'categorical', 'padding_idx': 0, 'oov_idx': 79, 'vocab_size': 80}",
    "I8": "{'source': '', 'type': 'categorical', 'padding_idx': 0, 'oov_idx': 68, 'vocab_size': 69}",
    "I9": "{'source': '', 'type': 'categorical', 'padding_idx': 0, 'oov_idx': 91, 'vocab_size': 92}"
}
2024-09-17 22:56:55,767 P1947678 INFO Total number of parameters: 16292755.
2024-09-17 22:56:55,767 P1947678 INFO Loading data...
2024-09-17 22:56:55,767 P1947678 INFO Loading data from h5: ../../../data/Criteo_x4_10_h5/train.h5
2024-09-17 22:57:22,374 P1947678 INFO Train samples: total/36672493, blocks/1
2024-09-17 22:57:22,374 P1947678 INFO Loading data from h5: ../../../data/Criteo_x4_10_h5/valid.h5
2024-09-17 22:57:25,476 P1947678 INFO Validation samples: total/4584062, blocks/1
2024-09-17 22:57:25,476 P1947678 INFO Loading train and validation data done.
2024-09-17 22:57:25,476 P1947678 INFO Start training: 3668 batches/epoch
2024-09-17 22:57:25,477 P1947678 INFO ************ Epoch=1 start ************
2024-09-17 23:01:37,526 P1947678 INFO Train loss: 0.461496
2024-09-17 23:01:37,526 P1947678 INFO Evaluation @epoch 1 - batch 3668: 
2024-09-17 23:01:47,502 P1947678 INFO Student 1: [Metrics] AUC: 0.804963 - logloss: 0.446369
2024-09-17 23:01:50,638 P1947678 INFO Student 2: [Metrics] AUC: 0.805028 - logloss: 0.446286
2024-09-17 23:01:53,788 P1947678 INFO Student 3: [Metrics] AUC: 0.805006 - logloss: 0.446259
2024-09-17 23:01:56,950 P1947678 INFO Teacher: [Metrics] AUC: 0.805180 - logloss: 0.446135
2024-09-17 23:01:57,185 P1947678 INFO Save best model: monitor(max)=0.805180
2024-09-17 23:01:57,336 P1947678 INFO ************ Epoch=1 end ************
2024-09-17 23:06:14,481 P1947678 INFO Train loss: 0.454446
2024-09-17 23:06:14,481 P1947678 INFO Evaluation @epoch 2 - batch 3668: 
2024-09-17 23:06:24,767 P1947678 INFO Student 1: [Metrics] AUC: 0.807055 - logloss: 0.444386
2024-09-17 23:06:27,966 P1947678 INFO Student 2: [Metrics] AUC: 0.807139 - logloss: 0.444292
2024-09-17 23:06:31,129 P1947678 INFO Student 3: [Metrics] AUC: 0.807100 - logloss: 0.444322
2024-09-17 23:06:34,229 P1947678 INFO Teacher: [Metrics] AUC: 0.807310 - logloss: 0.444144
2024-09-17 23:06:34,480 P1947678 INFO Save best model: monitor(max)=0.807310
2024-09-17 23:06:34,899 P1947678 INFO ************ Epoch=2 end ************
2024-09-17 23:10:55,014 P1947678 INFO Train loss: 0.452784
2024-09-17 23:10:55,014 P1947678 INFO Evaluation @epoch 3 - batch 3668: 
2024-09-17 23:11:05,299 P1947678 INFO Student 1: [Metrics] AUC: 0.808476 - logloss: 0.443136
2024-09-17 23:11:08,470 P1947678 INFO Student 2: [Metrics] AUC: 0.808482 - logloss: 0.443161
2024-09-17 23:11:11,709 P1947678 INFO Student 3: [Metrics] AUC: 0.808454 - logloss: 0.443209
2024-09-17 23:11:14,881 P1947678 INFO Teacher: [Metrics] AUC: 0.808713 - logloss: 0.442945
2024-09-17 23:11:15,139 P1947678 INFO Save best model: monitor(max)=0.808713
2024-09-17 23:11:15,596 P1947678 INFO ************ Epoch=3 end ************
2024-09-17 23:15:37,794 P1947678 INFO Train loss: 0.451729
2024-09-17 23:15:37,794 P1947678 INFO Evaluation @epoch 4 - batch 3668: 
2024-09-17 23:15:48,911 P1947678 INFO Student 1: [Metrics] AUC: 0.809409 - logloss: 0.442297
2024-09-17 23:15:52,195 P1947678 INFO Student 2: [Metrics] AUC: 0.809428 - logloss: 0.442268
2024-09-17 23:15:55,452 P1947678 INFO Student 3: [Metrics] AUC: 0.809392 - logloss: 0.442244
2024-09-17 23:15:58,631 P1947678 INFO Teacher: [Metrics] AUC: 0.809685 - logloss: 0.442010
2024-09-17 23:15:58,887 P1947678 INFO Save best model: monitor(max)=0.809685
2024-09-17 23:15:59,329 P1947678 INFO ************ Epoch=4 end ************
2024-09-17 23:20:20,412 P1947678 INFO Train loss: 0.451056
2024-09-17 23:20:20,412 P1947678 INFO Evaluation @epoch 5 - batch 3668: 
2024-09-17 23:20:30,528 P1947678 INFO Student 1: [Metrics] AUC: 0.809724 - logloss: 0.441904
2024-09-17 23:20:33,671 P1947678 INFO Student 2: [Metrics] AUC: 0.809786 - logloss: 0.441864
2024-09-17 23:20:36,832 P1947678 INFO Student 3: [Metrics] AUC: 0.809711 - logloss: 0.441909
2024-09-17 23:20:40,059 P1947678 INFO Teacher: [Metrics] AUC: 0.810035 - logloss: 0.441629
2024-09-17 23:20:40,282 P1947678 INFO Save best model: monitor(max)=0.810035
2024-09-17 23:20:40,681 P1947678 INFO ************ Epoch=5 end ************
2024-09-17 23:24:52,976 P1947678 INFO Train loss: 0.450568
2024-09-17 23:24:52,976 P1947678 INFO Evaluation @epoch 6 - batch 3668: 
2024-09-17 23:25:03,612 P1947678 INFO Student 1: [Metrics] AUC: 0.810145 - logloss: 0.441780
2024-09-17 23:25:06,813 P1947678 INFO Student 2: [Metrics] AUC: 0.810171 - logloss: 0.441684
2024-09-17 23:25:10,008 P1947678 INFO Student 3: [Metrics] AUC: 0.810113 - logloss: 0.441773
2024-09-17 23:25:13,129 P1947678 INFO Teacher: [Metrics] AUC: 0.810474 - logloss: 0.441456
2024-09-17 23:25:13,325 P1947678 INFO Save best model: monitor(max)=0.810474
2024-09-17 23:25:13,732 P1947678 INFO ************ Epoch=6 end ************
2024-09-17 23:29:26,137 P1947678 INFO Train loss: 0.450231
2024-09-17 23:29:26,137 P1947678 INFO Evaluation @epoch 7 - batch 3668: 
2024-09-17 23:29:37,025 P1947678 INFO Student 1: [Metrics] AUC: 0.810443 - logloss: 0.441428
2024-09-17 23:29:40,191 P1947678 INFO Student 2: [Metrics] AUC: 0.810477 - logloss: 0.441335
2024-09-17 23:29:43,369 P1947678 INFO Student 3: [Metrics] AUC: 0.810475 - logloss: 0.441344
2024-09-17 23:29:46,551 P1947678 INFO Teacher: [Metrics] AUC: 0.810810 - logloss: 0.441035
2024-09-17 23:29:46,733 P1947678 INFO Save best model: monitor(max)=0.810810
2024-09-17 23:29:47,167 P1947678 INFO ************ Epoch=7 end ************
2024-09-17 23:34:14,267 P1947678 INFO Train loss: 0.449933
2024-09-17 23:34:14,268 P1947678 INFO Evaluation @epoch 8 - batch 3668: 
2024-09-17 23:34:25,016 P1947678 INFO Student 1: [Metrics] AUC: 0.810723 - logloss: 0.440886
2024-09-17 23:34:28,336 P1947678 INFO Student 2: [Metrics] AUC: 0.810716 - logloss: 0.440894
2024-09-17 23:34:31,638 P1947678 INFO Student 3: [Metrics] AUC: 0.810651 - logloss: 0.440953
2024-09-17 23:34:34,949 P1947678 INFO Teacher: [Metrics] AUC: 0.811057 - logloss: 0.440574
2024-09-17 23:34:35,282 P1947678 INFO Save best model: monitor(max)=0.811057
2024-09-17 23:34:35,630 P1947678 INFO ************ Epoch=8 end ************
2024-09-17 23:38:50,064 P1947678 INFO Train loss: 0.449680
2024-09-17 23:38:50,064 P1947678 INFO Evaluation @epoch 9 - batch 3668: 
2024-09-17 23:39:00,046 P1947678 INFO Student 1: [Metrics] AUC: 0.810912 - logloss: 0.440719
2024-09-17 23:39:03,300 P1947678 INFO Student 2: [Metrics] AUC: 0.810956 - logloss: 0.440691
2024-09-17 23:39:06,552 P1947678 INFO Student 3: [Metrics] AUC: 0.810893 - logloss: 0.440749
2024-09-17 23:39:09,810 P1947678 INFO Teacher: [Metrics] AUC: 0.811297 - logloss: 0.440368
2024-09-17 23:39:10,091 P1947678 INFO Save best model: monitor(max)=0.811297
2024-09-17 23:39:10,601 P1947678 INFO ************ Epoch=9 end ************
2024-09-17 23:43:32,504 P1947678 INFO Train loss: 0.449471
2024-09-17 23:43:32,505 P1947678 INFO Evaluation @epoch 10 - batch 3668: 
2024-09-17 23:43:43,390 P1947678 INFO Student 1: [Metrics] AUC: 0.811056 - logloss: 0.440664
2024-09-17 23:43:46,523 P1947678 INFO Student 2: [Metrics] AUC: 0.811082 - logloss: 0.440652
2024-09-17 23:43:49,649 P1947678 INFO Student 3: [Metrics] AUC: 0.811005 - logloss: 0.440675
2024-09-17 23:43:52,762 P1947678 INFO Teacher: [Metrics] AUC: 0.811460 - logloss: 0.440271
2024-09-17 23:43:53,040 P1947678 INFO Save best model: monitor(max)=0.811460
2024-09-17 23:43:53,430 P1947678 INFO ************ Epoch=10 end ************
2024-09-17 23:48:17,734 P1947678 INFO Train loss: 0.449281
2024-09-17 23:48:17,734 P1947678 INFO Evaluation @epoch 11 - batch 3668: 
2024-09-17 23:48:28,629 P1947678 INFO Student 1: [Metrics] AUC: 0.811108 - logloss: 0.440572
2024-09-17 23:48:31,795 P1947678 INFO Student 2: [Metrics] AUC: 0.811140 - logloss: 0.440570
2024-09-17 23:48:35,023 P1947678 INFO Student 3: [Metrics] AUC: 0.811099 - logloss: 0.440634
2024-09-17 23:48:38,250 P1947678 INFO Teacher: [Metrics] AUC: 0.811544 - logloss: 0.440204
2024-09-17 23:48:38,527 P1947678 INFO Save best model: monitor(max)=0.811544
2024-09-17 23:48:38,930 P1947678 INFO ************ Epoch=11 end ************
2024-09-17 23:52:54,182 P1947678 INFO Train loss: 0.449130
2024-09-17 23:52:54,182 P1947678 INFO Evaluation @epoch 12 - batch 3668: 
2024-09-17 23:53:04,929 P1947678 INFO Student 1: [Metrics] AUC: 0.811260 - logloss: 0.440422
2024-09-17 23:53:08,024 P1947678 INFO Student 2: [Metrics] AUC: 0.811261 - logloss: 0.440403
2024-09-17 23:53:11,207 P1947678 INFO Student 3: [Metrics] AUC: 0.811226 - logloss: 0.440450
2024-09-17 23:53:14,404 P1947678 INFO Teacher: [Metrics] AUC: 0.811687 - logloss: 0.440013
2024-09-17 23:53:14,652 P1947678 INFO Save best model: monitor(max)=0.811687
2024-09-17 23:53:15,089 P1947678 INFO ************ Epoch=12 end ************
2024-09-17 23:57:31,555 P1947678 INFO Train loss: 0.448988
2024-09-17 23:57:31,555 P1947678 INFO Evaluation @epoch 13 - batch 3668: 
2024-09-17 23:57:42,573 P1947678 INFO Student 1: [Metrics] AUC: 0.811345 - logloss: 0.440321
2024-09-17 23:57:47,277 P1947678 INFO Student 2: [Metrics] AUC: 0.811343 - logloss: 0.440351
2024-09-17 23:57:50,462 P1947678 INFO Student 3: [Metrics] AUC: 0.811354 - logloss: 0.440360
2024-09-17 23:57:53,659 P1947678 INFO Teacher: [Metrics] AUC: 0.811803 - logloss: 0.439924
2024-09-17 23:57:53,895 P1947678 INFO Save best model: monitor(max)=0.811803
2024-09-17 23:57:54,343 P1947678 INFO ************ Epoch=13 end ************
2024-09-18 00:02:16,508 P1947678 INFO Train loss: 0.448859
2024-09-18 00:02:16,508 P1947678 INFO Evaluation @epoch 14 - batch 3668: 
2024-09-18 00:02:27,734 P1947678 INFO Student 1: [Metrics] AUC: 0.811275 - logloss: 0.440353
2024-09-18 00:02:30,826 P1947678 INFO Student 2: [Metrics] AUC: 0.811274 - logloss: 0.440362
2024-09-18 00:02:33,995 P1947678 INFO Student 3: [Metrics] AUC: 0.811264 - logloss: 0.440384
2024-09-18 00:02:37,141 P1947678 INFO Teacher: [Metrics] AUC: 0.811744 - logloss: 0.439930
2024-09-18 00:02:37,387 P1947678 INFO Monitor(max)=0.811744 STOP!
2024-09-18 00:02:37,387 P1947678 INFO Reduce learning rate on plateau: 0.000100
2024-09-18 00:02:37,504 P1947678 INFO ************ Epoch=14 end ************
2024-09-18 00:06:55,307 P1947678 INFO Train loss: 0.439860
2024-09-18 00:06:55,308 P1947678 INFO Evaluation @epoch 15 - batch 3668: 
2024-09-18 00:07:07,488 P1947678 INFO Student 1: [Metrics] AUC: 0.813922 - logloss: 0.437934
2024-09-18 00:07:10,695 P1947678 INFO Student 2: [Metrics] AUC: 0.813925 - logloss: 0.437934
2024-09-18 00:07:13,885 P1947678 INFO Student 3: [Metrics] AUC: 0.813926 - logloss: 0.437939
2024-09-18 00:07:17,042 P1947678 INFO Teacher: [Metrics] AUC: 0.814468 - logloss: 0.437412
2024-09-18 00:07:17,374 P1947678 INFO Save best model: monitor(max)=0.814468
2024-09-18 00:07:17,814 P1947678 INFO ************ Epoch=15 end ************
2024-09-18 00:11:44,143 P1947678 INFO Train loss: 0.436447
2024-09-18 00:11:44,143 P1947678 INFO Evaluation @epoch 16 - batch 3668: 
2024-09-18 00:11:55,188 P1947678 INFO Student 1: [Metrics] AUC: 0.814274 - logloss: 0.437705
2024-09-18 00:11:58,316 P1947678 INFO Student 2: [Metrics] AUC: 0.814260 - logloss: 0.437723
2024-09-18 00:12:01,513 P1947678 INFO Student 3: [Metrics] AUC: 0.814269 - logloss: 0.437708
2024-09-18 00:12:04,705 P1947678 INFO Teacher: [Metrics] AUC: 0.814870 - logloss: 0.437125
2024-09-18 00:12:04,961 P1947678 INFO Save best model: monitor(max)=0.814870
2024-09-18 00:12:05,375 P1947678 INFO ************ Epoch=16 end ************
2024-09-18 00:16:24,878 P1947678 INFO Train loss: 0.434841
2024-09-18 00:16:24,879 P1947678 INFO Evaluation @epoch 17 - batch 3668: 
2024-09-18 00:16:35,390 P1947678 INFO Student 1: [Metrics] AUC: 0.814323 - logloss: 0.437695
2024-09-18 00:16:38,526 P1947678 INFO Student 2: [Metrics] AUC: 0.814301 - logloss: 0.437735
2024-09-18 00:16:41,757 P1947678 INFO Student 3: [Metrics] AUC: 0.814311 - logloss: 0.437727
2024-09-18 00:16:44,981 P1947678 INFO Teacher: [Metrics] AUC: 0.814962 - logloss: 0.437078
2024-09-18 00:16:45,182 P1947678 INFO Save best model: monitor(max)=0.814962
2024-09-18 00:16:45,621 P1947678 INFO ************ Epoch=17 end ************
2024-09-18 00:21:07,368 P1947678 INFO Train loss: 0.433604
2024-09-18 00:21:07,368 P1947678 INFO Evaluation @epoch 18 - batch 3668: 
2024-09-18 00:21:17,387 P1947678 INFO Student 1: [Metrics] AUC: 0.814202 - logloss: 0.437842
2024-09-18 00:21:20,510 P1947678 INFO Student 2: [Metrics] AUC: 0.814173 - logloss: 0.437879
2024-09-18 00:21:23,608 P1947678 INFO Student 3: [Metrics] AUC: 0.814186 - logloss: 0.437882
2024-09-18 00:21:26,720 P1947678 INFO Teacher: [Metrics] AUC: 0.814882 - logloss: 0.437175
2024-09-18 00:21:26,989 P1947678 INFO Monitor(max)=0.814882 STOP!
2024-09-18 00:21:26,989 P1947678 INFO Reduce learning rate on plateau: 0.000010
2024-09-18 00:21:27,106 P1947678 INFO ************ Epoch=18 end ************
2024-09-18 00:25:44,415 P1947678 INFO Train loss: 0.430114
2024-09-18 00:25:44,415 P1947678 INFO Evaluation @epoch 19 - batch 3668: 
2024-09-18 00:25:55,012 P1947678 INFO Student 1: [Metrics] AUC: 0.813929 - logloss: 0.438301
2024-09-18 00:25:58,138 P1947678 INFO Student 2: [Metrics] AUC: 0.813906 - logloss: 0.438337
2024-09-18 00:26:01,309 P1947678 INFO Student 3: [Metrics] AUC: 0.813917 - logloss: 0.438330
2024-09-18 00:26:04,418 P1947678 INFO Teacher: [Metrics] AUC: 0.814663 - logloss: 0.437557
2024-09-18 00:26:04,662 P1947678 INFO Monitor(max)=0.814663 STOP!
2024-09-18 00:26:04,662 P1947678 INFO Reduce learning rate on plateau: 0.000001
2024-09-18 00:26:04,662 P1947678 INFO ********* Epoch==19 early stop *********
2024-09-18 00:26:04,757 P1947678 INFO Training finished.
2024-09-18 00:26:04,757 P1947678 INFO Load best model: /mnt/public/lhh/code/model_zoo/EKTF/EKTF_torch/checkpoints/Criteo_x4_10_h5/EKTF_Criteo_002_14ab5d0c.model
2024-09-18 00:26:04,802 P1947678 INFO ****** Validation evaluation ******
2024-09-18 00:26:15,312 P1947678 INFO Student 1: [Metrics] logloss: 0.437695 - AUC: 0.814323
2024-09-18 00:26:18,589 P1947678 INFO Student 2: [Metrics] logloss: 0.437735 - AUC: 0.814301
2024-09-18 00:26:21,855 P1947678 INFO Student 3: [Metrics] logloss: 0.437727 - AUC: 0.814311
2024-09-18 00:26:25,117 P1947678 INFO Teacher: [Metrics] logloss: 0.437078 - AUC: 0.814962
2024-09-18 00:26:25,510 P1947678 INFO ******** Test evaluation ********
2024-09-18 00:26:25,511 P1947678 INFO Loading data...
2024-09-18 00:26:25,511 P1947678 INFO Loading data from h5: ../../../data/Criteo_x4_10_h5/test.h5
2024-09-18 00:26:28,749 P1947678 INFO Test samples: total/4584062, blocks/1
2024-09-18 00:26:28,749 P1947678 INFO Loading test data done.
2024-09-18 00:26:38,610 P1947678 INFO Student 1: [Metrics] logloss: 0.437342 - AUC: 0.814732
2024-09-18 00:26:41,652 P1947678 INFO Student 2: [Metrics] logloss: 0.437320 - AUC: 0.814770
2024-09-18 00:26:44,737 P1947678 INFO Student 3: [Metrics] logloss: 0.437349 - AUC: 0.814738
2024-09-18 00:26:47,787 P1947678 INFO Teacher: [Metrics] logloss: 0.436694 - AUC: 0.815399
