2024-09-17 14:24:50,128 P1810460 INFO Params: {
    "batch_norm": "True",
    "batch_size": "10000",
    "data_format": "h5",
    "data_root": "../../../data/",
    "dataset_id": "Criteo_x4_10_h5",
    "debug_mode": "False",
    "early_stop_patience": "2",
    "embedding_dim": "16",
    "embedding_regularizer": "1e-05",
    "epochs": "100",
    "eval_steps": "None",
    "feature_cols": "[{'active': True, 'dtype': 'float', 'fill_na': 0, 'na_value': 0, 'name': ['I1', 'I2', 'I3', 'I4', 'I5', 'I6', 'I7', 'I8', 'I9', 'I10', 'I11', 'I12', 'I13'], 'preprocess': 'convert_to_bucket', 'type': 'categorical'}, {'active': True, 'dtype': 'str', 'fill_na': '', 'na_value': '', 'name': ['C1', 'C2', 'C3', 'C4', 'C5', 'C6', 'C7', 'C8', 'C9', 'C10', 'C11', 'C12', 'C13', 'C14', 'C15', 'C16', 'C17', 'C18', 'C19', 'C20', 'C21', 'C22', 'C23', 'C24', 'C25', 'C26'], 'type': 'categorical'}]",
    "feature_config": "None",
    "feature_specs": "None",
    "gpu": "0",
    "group_id": "None",
    "hidden_activations": "relu",
    "hidden_units": "[400, 400, 400]",
    "label_col": "{'dtype': 'float', 'name': 'Label'}",
    "learning_rate": "0.001",
    "loss": "binary_crossentropy",
    "metrics": "['logloss', 'AUC']",
    "min_categr_count": "10",
    "model": "MLPs_concat",
    "model_id": "MLPs_concat_Criteo_001_d534d7dc",
    "model_root": "./checkpoints/",
    "monitor": "{'AUC': 1, 'logloss': 0}",
    "monitor_mode": "max",
    "net_dropout": "0.1",
    "net_regularizer": "0",
    "num_student": "2",
    "num_workers": "8",
    "optimizer": "adam",
    "pickle_feature_encoder": "True",
    "save_best_only": "True",
    "seed": "2024",
    "shuffle": "True",
    "task": "binary_classification",
    "test_data": "../../../data/Criteo_x4_10_h5/test.h5",
    "train_data": "../../../data/Criteo_x4_10_h5/train.h5",
    "use_features": "None",
    "valid_data": "../../../data/Criteo_x4_10_h5/valid.h5",
    "verbose": "1"
}
2024-09-17 14:24:50,128 P1810460 INFO Load feature_map from json: ../../../data/Criteo_x4_10_h5/feature_map.json
2024-09-17 14:24:50,129 P1810460 INFO Set column index...
2024-09-17 14:24:50,129 P1810460 INFO Feature specs: {
    "C1": "{'source': '', 'type': 'categorical', 'padding_idx': 0, 'oov_idx': 1445, 'vocab_size': 1446}",
    "C10": "{'source': '', 'type': 'categorical', 'padding_idx': 0, 'oov_idx': 39529, 'vocab_size': 39530}",
    "C11": "{'source': '', 'type': 'categorical', 'padding_idx': 0, 'oov_idx': 5130, 'vocab_size': 5131}",
    "C12": "{'source': '', 'type': 'categorical', 'padding_idx': 0, 'oov_idx': 156655, 'vocab_size': 156656}",
    "C13": "{'source': '', 'type': 'categorical', 'padding_idx': 0, 'oov_idx': 3175, 'vocab_size': 3176}",
    "C14": "{'source': '', 'type': 'categorical', 'padding_idx': 0, 'oov_idx': 27, 'vocab_size': 28}",
    "C15": "{'source': '', 'type': 'categorical', 'padding_idx': 0, 'oov_idx': 11042, 'vocab_size': 11043}",
    "C16": "{'source': '', 'type': 'categorical', 'padding_idx': 0, 'oov_idx': 148912, 'vocab_size': 148913}",
    "C17": "{'source': '', 'type': 'categorical', 'padding_idx': 0, 'oov_idx': 11, 'vocab_size': 12}",
    "C18": "{'source': '', 'type': 'categorical', 'padding_idx': 0, 'oov_idx': 4559, 'vocab_size': 4560}",
    "C19": "{'source': '', 'type': 'categorical', 'padding_idx': 0, 'oov_idx': 2002, 'vocab_size': 2003}",
    "C2": "{'source': '', 'type': 'categorical', 'padding_idx': 0, 'oov_idx': 553, 'vocab_size': 554}",
    "C20": "{'source': '', 'type': 'categorical', 'padding_idx': 0, 'oov_idx': 4, 'vocab_size': 5}",
    "C21": "{'source': '', 'type': 'categorical', 'padding_idx': 0, 'oov_idx': 154563, 'vocab_size': 154564}",
    "C22": "{'source': '', 'type': 'categorical', 'padding_idx': 0, 'oov_idx': 17, 'vocab_size': 18}",
    "C23": "{'source': '', 'type': 'categorical', 'padding_idx': 0, 'oov_idx': 16, 'vocab_size': 17}",
    "C24": "{'source': '', 'type': 'categorical', 'padding_idx': 0, 'oov_idx': 53030, 'vocab_size': 53031}",
    "C25": "{'source': '', 'type': 'categorical', 'padding_idx': 0, 'oov_idx': 81, 'vocab_size': 82}",
    "C26": "{'source': '', 'type': 'categorical', 'padding_idx': 0, 'oov_idx': 40954, 'vocab_size': 40955}",
    "C3": "{'source': '', 'type': 'categorical', 'padding_idx': 0, 'oov_idx': 157338, 'vocab_size': 157339}",
    "C4": "{'source': '', 'type': 'categorical', 'padding_idx': 0, 'oov_idx': 117821, 'vocab_size': 117822}",
    "C5": "{'source': '', 'type': 'categorical', 'padding_idx': 0, 'oov_idx': 305, 'vocab_size': 306}",
    "C6": "{'source': '', 'type': 'categorical', 'padding_idx': 0, 'oov_idx': 17, 'vocab_size': 18}",
    "C7": "{'source': '', 'type': 'categorical', 'padding_idx': 0, 'oov_idx': 11881, 'vocab_size': 11882}",
    "C8": "{'source': '', 'type': 'categorical', 'padding_idx': 0, 'oov_idx': 629, 'vocab_size': 630}",
    "C9": "{'source': '', 'type': 'categorical', 'padding_idx': 0, 'oov_idx': 4, 'vocab_size': 5}",
    "I1": "{'source': '', 'type': 'categorical', 'padding_idx': 0, 'oov_idx': 43, 'vocab_size': 44}",
    "I10": "{'source': '', 'type': 'categorical', 'padding_idx': 0, 'oov_idx': 5, 'vocab_size': 6}",
    "I11": "{'source': '', 'type': 'categorical', 'padding_idx': 0, 'oov_idx': 26, 'vocab_size': 27}",
    "I12": "{'source': '', 'type': 'categorical', 'padding_idx': 0, 'oov_idx': 36, 'vocab_size': 37}",
    "I13": "{'source': '', 'type': 'categorical', 'padding_idx': 0, 'oov_idx': 71, 'vocab_size': 72}",
    "I2": "{'source': '', 'type': 'categorical', 'padding_idx': 0, 'oov_idx': 98, 'vocab_size': 99}",
    "I3": "{'source': '', 'type': 'categorical', 'padding_idx': 0, 'oov_idx': 121, 'vocab_size': 122}",
    "I4": "{'source': '', 'type': 'categorical', 'padding_idx': 0, 'oov_idx': 40, 'vocab_size': 41}",
    "I5": "{'source': '', 'type': 'categorical', 'padding_idx': 0, 'oov_idx': 219, 'vocab_size': 220}",
    "I6": "{'source': '', 'type': 'categorical', 'padding_idx': 0, 'oov_idx': 111, 'vocab_size': 112}",
    "I7": "{'source': '', 'type': 'categorical', 'padding_idx': 0, 'oov_idx': 79, 'vocab_size': 80}",
    "I8": "{'source': '', 'type': 'categorical', 'padding_idx': 0, 'oov_idx': 68, 'vocab_size': 69}",
    "I9": "{'source': '', 'type': 'categorical', 'padding_idx': 0, 'oov_idx': 91, 'vocab_size': 92}"
}
2024-09-17 14:24:54,899 P1810460 INFO Total number of parameters: 15719955.
2024-09-17 14:24:54,899 P1810460 INFO Loading data...
2024-09-17 14:24:54,900 P1810460 INFO Loading data from h5: ../../../data/Criteo_x4_10_h5/train.h5
2024-09-17 14:25:30,160 P1810460 INFO Train samples: total/36672493, blocks/1
2024-09-17 14:25:30,160 P1810460 INFO Loading data from h5: ../../../data/Criteo_x4_10_h5/valid.h5
2024-09-17 14:25:34,382 P1810460 INFO Validation samples: total/4584062, blocks/1
2024-09-17 14:25:34,383 P1810460 INFO Loading train and validation data done.
2024-09-17 14:25:34,383 P1810460 INFO Start training: 3668 batches/epoch
2024-09-17 14:25:34,383 P1810460 INFO ************ Epoch=1 start ************
2024-09-17 14:29:33,892 P1810460 INFO Train loss: 0.461342
2024-09-17 14:29:33,892 P1810460 INFO Evaluation @epoch 1 - batch 3668: 
2024-09-17 14:29:44,365 P1810460 INFO Student 1: [Metrics] AUC: 0.518444 - logloss: 0.802265
2024-09-17 14:29:47,616 P1810460 INFO Student 2: [Metrics] AUC: 0.527208 - logloss: 0.687418
2024-09-17 14:29:50,891 P1810460 INFO Teacher: [Metrics] AUC: 0.805393 - logloss: 0.445899
2024-09-17 14:29:51,099 P1810460 INFO Save best model: monitor(max)=0.805393
2024-09-17 14:29:51,282 P1810460 INFO ************ Epoch=1 end ************
2024-09-17 14:33:49,784 P1810460 INFO Train loss: 0.453696
2024-09-17 14:33:49,785 P1810460 INFO Evaluation @epoch 2 - batch 3668: 
2024-09-17 14:34:00,139 P1810460 INFO Student 1: [Metrics] AUC: 0.585638 - logloss: 0.793975
2024-09-17 14:34:03,249 P1810460 INFO Student 2: [Metrics] AUC: 0.456060 - logloss: 0.742833
2024-09-17 14:34:06,374 P1810460 INFO Teacher: [Metrics] AUC: 0.807901 - logloss: 0.443916
2024-09-17 14:34:06,519 P1810460 INFO Save best model: monitor(max)=0.807901
2024-09-17 14:34:06,933 P1810460 INFO ************ Epoch=2 end ************
2024-09-17 14:38:04,218 P1810460 INFO Train loss: 0.452157
2024-09-17 14:38:04,219 P1810460 INFO Evaluation @epoch 3 - batch 3668: 
2024-09-17 14:38:14,973 P1810460 INFO Student 1: [Metrics] AUC: 0.604113 - logloss: 0.740986
2024-09-17 14:38:18,175 P1810460 INFO Student 2: [Metrics] AUC: 0.452004 - logloss: 0.770989
2024-09-17 14:38:21,311 P1810460 INFO Teacher: [Metrics] AUC: 0.809190 - logloss: 0.442508
2024-09-17 14:38:21,493 P1810460 INFO Save best model: monitor(max)=0.809190
2024-09-17 14:38:21,924 P1810460 INFO ************ Epoch=3 end ************
2024-09-17 14:42:25,902 P1810460 INFO Train loss: 0.450943
2024-09-17 14:42:25,903 P1810460 INFO Evaluation @epoch 4 - batch 3668: 
2024-09-17 14:42:36,744 P1810460 INFO Student 1: [Metrics] AUC: 0.571758 - logloss: 0.740089
2024-09-17 14:42:39,846 P1810460 INFO Student 2: [Metrics] AUC: 0.390151 - logloss: 0.796404
2024-09-17 14:42:42,992 P1810460 INFO Teacher: [Metrics] AUC: 0.809876 - logloss: 0.441900
2024-09-17 14:42:43,158 P1810460 INFO Save best model: monitor(max)=0.809876
2024-09-17 14:42:43,544 P1810460 INFO ************ Epoch=4 end ************
2024-09-17 14:46:42,940 P1810460 INFO Train loss: 0.450134
2024-09-17 14:46:42,941 P1810460 INFO Evaluation @epoch 5 - batch 3668: 
2024-09-17 14:46:53,766 P1810460 INFO Student 1: [Metrics] AUC: 0.547759 - logloss: 0.740408
2024-09-17 14:46:56,913 P1810460 INFO Student 2: [Metrics] AUC: 0.372647 - logloss: 0.795602
2024-09-17 14:47:00,038 P1810460 INFO Teacher: [Metrics] AUC: 0.810426 - logloss: 0.441207
2024-09-17 14:47:00,254 P1810460 INFO Save best model: monitor(max)=0.810426
2024-09-17 14:47:00,691 P1810460 INFO ************ Epoch=5 end ************
2024-09-17 14:51:02,457 P1810460 INFO Train loss: 0.449523
2024-09-17 14:51:02,457 P1810460 INFO Evaluation @epoch 6 - batch 3668: 
2024-09-17 14:51:13,258 P1810460 INFO Student 1: [Metrics] AUC: 0.566208 - logloss: 0.729654
2024-09-17 14:51:16,479 P1810460 INFO Student 2: [Metrics] AUC: 0.350465 - logloss: 0.803929
2024-09-17 14:51:19,811 P1810460 INFO Teacher: [Metrics] AUC: 0.810835 - logloss: 0.440772
2024-09-17 14:51:19,955 P1810460 INFO Save best model: monitor(max)=0.810835
2024-09-17 14:51:20,446 P1810460 INFO ************ Epoch=6 end ************
2024-09-17 14:55:17,572 P1810460 INFO Train loss: 0.449075
2024-09-17 14:55:17,572 P1810460 INFO Evaluation @epoch 7 - batch 3668: 
2024-09-17 14:55:28,815 P1810460 INFO Student 1: [Metrics] AUC: 0.545337 - logloss: 0.731330
2024-09-17 14:55:31,997 P1810460 INFO Student 2: [Metrics] AUC: 0.332400 - logloss: 0.799029
2024-09-17 14:55:35,217 P1810460 INFO Teacher: [Metrics] AUC: 0.811015 - logloss: 0.440633
2024-09-17 14:55:35,434 P1810460 INFO Save best model: monitor(max)=0.811015
2024-09-17 14:55:35,917 P1810460 INFO ************ Epoch=7 end ************
2024-09-17 14:59:32,123 P1810460 INFO Train loss: 0.448677
2024-09-17 14:59:32,124 P1810460 INFO Evaluation @epoch 8 - batch 3668: 
2024-09-17 14:59:42,977 P1810460 INFO Student 1: [Metrics] AUC: 0.546519 - logloss: 0.729308
2024-09-17 14:59:46,106 P1810460 INFO Student 2: [Metrics] AUC: 0.304753 - logloss: 0.793465
2024-09-17 14:59:49,279 P1810460 INFO Teacher: [Metrics] AUC: 0.811071 - logloss: 0.440798
2024-09-17 14:59:49,504 P1810460 INFO Save best model: monitor(max)=0.811071
2024-09-17 14:59:50,071 P1810460 INFO ************ Epoch=8 end ************
2024-09-17 15:03:48,732 P1810460 INFO Train loss: 0.448360
2024-09-17 15:03:48,732 P1810460 INFO Evaluation @epoch 9 - batch 3668: 
2024-09-17 15:03:58,477 P1810460 INFO Student 1: [Metrics] AUC: 0.566093 - logloss: 0.714006
2024-09-17 15:04:01,531 P1810460 INFO Student 2: [Metrics] AUC: 0.287858 - logloss: 0.797376
2024-09-17 15:04:04,661 P1810460 INFO Teacher: [Metrics] AUC: 0.811133 - logloss: 0.440501
2024-09-17 15:04:04,873 P1810460 INFO Save best model: monitor(max)=0.811133
2024-09-17 15:04:05,269 P1810460 INFO ************ Epoch=9 end ************
2024-09-17 15:08:00,465 P1810460 INFO Train loss: 0.448047
2024-09-17 15:08:00,465 P1810460 INFO Evaluation @epoch 10 - batch 3668: 
2024-09-17 15:08:11,378 P1810460 INFO Student 1: [Metrics] AUC: 0.556023 - logloss: 0.718483
2024-09-17 15:08:14,622 P1810460 INFO Student 2: [Metrics] AUC: 0.296307 - logloss: 0.779652
2024-09-17 15:08:17,997 P1810460 INFO Teacher: [Metrics] AUC: 0.811332 - logloss: 0.440382
2024-09-17 15:08:18,222 P1810460 INFO Save best model: monitor(max)=0.811332
2024-09-17 15:08:18,650 P1810460 INFO ************ Epoch=10 end ************
2024-09-17 15:12:15,880 P1810460 INFO Train loss: 0.447820
2024-09-17 15:12:15,881 P1810460 INFO Evaluation @epoch 11 - batch 3668: 
2024-09-17 15:12:27,449 P1810460 INFO Student 1: [Metrics] AUC: 0.575586 - logloss: 0.713220
2024-09-17 15:12:30,497 P1810460 INFO Student 2: [Metrics] AUC: 0.290244 - logloss: 0.777052
2024-09-17 15:12:33,632 P1810460 INFO Teacher: [Metrics] AUC: 0.811298 - logloss: 0.440377
2024-09-17 15:12:33,768 P1810460 INFO Monitor(max)=0.811298 STOP!
2024-09-17 15:12:33,768 P1810460 INFO Reduce learning rate on plateau: 0.000100
2024-09-17 15:12:33,891 P1810460 INFO ************ Epoch=11 end ************
2024-09-17 15:16:30,882 P1810460 INFO Train loss: 0.436652
2024-09-17 15:16:30,882 P1810460 INFO Evaluation @epoch 12 - batch 3668: 
2024-09-17 15:16:43,017 P1810460 INFO Student 1: [Metrics] AUC: 0.584494 - logloss: 0.712203
2024-09-17 15:16:46,263 P1810460 INFO Student 2: [Metrics] AUC: 0.291602 - logloss: 0.773626
2024-09-17 15:16:49,586 P1810460 INFO Teacher: [Metrics] AUC: 0.813412 - logloss: 0.438675
2024-09-17 15:16:49,915 P1810460 INFO Save best model: monitor(max)=0.813412
2024-09-17 15:16:50,371 P1810460 INFO ************ Epoch=12 end ************
2024-09-17 15:20:49,041 P1810460 INFO Train loss: 0.432120
2024-09-17 15:20:49,041 P1810460 INFO Evaluation @epoch 13 - batch 3668: 
2024-09-17 15:20:59,865 P1810460 INFO Student 1: [Metrics] AUC: 0.589057 - logloss: 0.711966
2024-09-17 15:21:03,032 P1810460 INFO Student 2: [Metrics] AUC: 0.294944 - logloss: 0.770529
2024-09-17 15:21:06,247 P1810460 INFO Teacher: [Metrics] AUC: 0.813377 - logloss: 0.438833
2024-09-17 15:21:06,469 P1810460 INFO Monitor(max)=0.813377 STOP!
2024-09-17 15:21:06,469 P1810460 INFO Reduce learning rate on plateau: 0.000010
2024-09-17 15:21:06,584 P1810460 INFO ************ Epoch=13 end ************
2024-09-17 15:24:59,604 P1810460 INFO Train loss: 0.427928
2024-09-17 15:24:59,604 P1810460 INFO Evaluation @epoch 14 - batch 3668: 
2024-09-17 15:25:09,705 P1810460 INFO Student 1: [Metrics] AUC: 0.587704 - logloss: 0.712393
2024-09-17 15:25:12,822 P1810460 INFO Student 2: [Metrics] AUC: 0.295807 - logloss: 0.770715
2024-09-17 15:25:15,967 P1810460 INFO Teacher: [Metrics] AUC: 0.813010 - logloss: 0.439722
2024-09-17 15:25:16,185 P1810460 INFO Monitor(max)=0.813010 STOP!
2024-09-17 15:25:16,186 P1810460 INFO Reduce learning rate on plateau: 0.000001
2024-09-17 15:25:16,186 P1810460 INFO ********* Epoch==14 early stop *********
2024-09-17 15:25:16,308 P1810460 INFO Training finished.
2024-09-17 15:25:16,308 P1810460 INFO Load best model: /mnt/public/lhh/code/model_zoo/EKTF/EKTF_torch/checkpoints/Criteo_x4_10_h5/MLPs_concat_Criteo_001_d534d7dc.model
2024-09-17 15:25:16,352 P1810460 INFO ****** Validation evaluation ******
2024-09-17 15:25:26,333 P1810460 INFO Student 1: [Metrics] logloss: 0.712203 - AUC: 0.584494
2024-09-17 15:25:29,280 P1810460 INFO Student 2: [Metrics] logloss: 0.773626 - AUC: 0.291602
2024-09-17 15:25:32,326 P1810460 INFO Teacher: [Metrics] logloss: 0.438675 - AUC: 0.813412
2024-09-17 15:25:32,567 P1810460 INFO ******** Test evaluation ********
2024-09-17 15:25:32,567 P1810460 INFO Loading data...
2024-09-17 15:25:32,567 P1810460 INFO Loading data from h5: ../../../data/Criteo_x4_10_h5/test.h5
2024-09-17 15:25:35,874 P1810460 INFO Test samples: total/4584062, blocks/1
2024-09-17 15:25:35,874 P1810460 INFO Loading test data done.
2024-09-17 15:25:46,269 P1810460 INFO Student 1: [Metrics] logloss: 0.712183 - AUC: 0.584594
2024-09-17 15:25:49,317 P1810460 INFO Student 2: [Metrics] logloss: 0.773672 - AUC: 0.291461
2024-09-17 15:25:52,416 P1810460 INFO Teacher: [Metrics] logloss: 0.438266 - AUC: 0.813891
